[2022-12-14T20:29:55.607-0300] {taskinstance.py:1087} INFO - Dependencies all met for <TaskInstance: download_uniprot.extract_files manual__2022-12-14T22:09:23.603444+00:00 [queued]>
[2022-12-14T20:29:55.619-0300] {taskinstance.py:1087} INFO - Dependencies all met for <TaskInstance: download_uniprot.extract_files manual__2022-12-14T22:09:23.603444+00:00 [queued]>
[2022-12-14T20:29:55.619-0300] {taskinstance.py:1283} INFO - 
--------------------------------------------------------------------------------
[2022-12-14T20:29:55.619-0300] {taskinstance.py:1284} INFO - Starting attempt 1 of 1
[2022-12-14T20:29:55.619-0300] {taskinstance.py:1285} INFO - 
--------------------------------------------------------------------------------
[2022-12-14T20:29:55.632-0300] {taskinstance.py:1304} INFO - Executing <Task(PythonOperator): extract_files> on 2022-12-14 22:09:23.603444+00:00
[2022-12-14T20:29:55.636-0300] {standard_task_runner.py:55} INFO - Started process 99511 to run task
[2022-12-14T20:29:55.638-0300] {standard_task_runner.py:82} INFO - Running: ['***', 'tasks', 'run', 'download_uniprot', 'extract_files', 'manual__2022-12-14T22:09:23.603444+00:00', '--job-id', '12', '--raw', '--subdir', 'DAGS_FOLDER/download_uniprot.py', '--cfg-path', '/tmp/tmprestcf2x']
[2022-12-14T20:29:55.639-0300] {standard_task_runner.py:83} INFO - Job 12: Subtask extract_files
[2022-12-14T20:29:55.706-0300] {task_command.py:389} INFO - Running <TaskInstance: download_uniprot.extract_files manual__2022-12-14T22:09:23.603444+00:00 [running]> on host kallo-Ubuntu
[2022-12-14T20:29:55.780-0300] {taskinstance.py:1513} INFO - Exporting the following env vars:
AIRFLOW_CTX_DAG_OWNER=Kallox
AIRFLOW_CTX_DAG_ID=download_uniprot
AIRFLOW_CTX_TASK_ID=extract_files
AIRFLOW_CTX_EXECUTION_DATE=2022-12-14T22:09:23.603444+00:00
AIRFLOW_CTX_TRY_NUMBER=1
AIRFLOW_CTX_DAG_RUN_ID=manual__2022-12-14T22:09:23.603444+00:00
[2022-12-14T20:29:55.781-0300] {taskinstance.py:1772} ERROR - Task failed with exception
Traceback (most recent call last):
  File "/home/kallox/anaconda3/envs/airflow/lib/python3.7/site-packages/airflow/operators/python.py", line 175, in execute
    return_value = self.execute_callable()
  File "/home/kallox/anaconda3/envs/airflow/lib/python3.7/site-packages/airflow/operators/python.py", line 192, in execute_callable
    return self.python_callable(*self.op_args, **self.op_kwargs)
TypeError: extract() missing 1 required positional argument: 'filename'
[2022-12-14T20:29:55.792-0300] {taskinstance.py:1327} INFO - Marking task as FAILED. dag_id=download_uniprot, task_id=extract_files, execution_date=20221214T220923, start_date=20221214T232955, end_date=20221214T232955
[2022-12-14T20:29:55.803-0300] {standard_task_runner.py:105} ERROR - Failed to execute job 12 for task extract_files (extract() missing 1 required positional argument: 'filename'; 99511)
[2022-12-14T20:29:55.850-0300] {local_task_job.py:159} INFO - Task exited with return code 1
[2022-12-14T20:29:55.876-0300] {taskinstance.py:2582} INFO - 0 downstream tasks scheduled from follow-on schedule check
